-------------------------------------------------------------
pySTREAM version 0.2
-------------------------------------------------------------
Bytes per array element: 8
             Array size: 10000000 (elements)
                 Offset: 0 (elements)
       Memory per array: 76.29 MiB (= 0.07 GiB).
  Total memory required: 228.88 MiB (= 0.22 GiB).
        Number of tests: 10
      Clock granularity: ~1 us
              Test time: ~2523859 us
                       :  2523859 clock ticks)
-------------------------------------------------------------
Note -- Bandwidth is calculated using the *minimum* time
        (after the first iteration)
Note -- This is only a guideline.
-------------------------------------------------------------
## Pure Python using loops
```
Function    Best Rate GB/s  Avg time     Min time     Max time
Copy:               0.1     1.755992     1.707030     1.823178
Scale:              0.1     2.548326     2.472277     2.597002
Add:                0.1     3.365325     3.285280     3.439422
Triad:              0.1     4.141648     4.038858     4.506597
```

## Pure Python vectorized
```
Function    Best Rate GB/s  Avg time     Min time     Max time
Copy:               5.4     0.073853     0.029467     0.161109
Scale:              1.5     0.205860     0.103390     0.242789
Add:                1.0     0.243321     0.228746     0.256037
Triad:              1.1     0.278369     0.225008     0.455899
```

## Pure Python using numpy operators
```
Function    Best Rate GB/s  Avg time     Min time     Max time
Copy:               2.4     0.139310     0.066631     0.209640
Scale:              2.1     0.163840     0.075871     0.219334
Add:                3.6     0.128556     0.066753     0.212630
Triad:              3.1     0.179689     0.077230     0.218915
```

