-------------------------------------------------------------
pySTREAM version 0.2
-------------------------------------------------------------
Bytes per array element: 8
             Array size: 10000000 (elements)
                 Offset: 0 (elements)
       Memory per array: 76.29 MiB (= 0.07 GiB).
  Total memory required: 228.88 MiB (= 0.22 GiB).
        Number of tests: 10
      Clock granularity: ~1 us
              Test time: ~5130989 us
                       :  5130989 clock ticks)
-------------------------------------------------------------
Note -- Bandwidth is calculated using the *minimum* time
        (after the first iteration)
Note -- This is only a guideline.
-------------------------------------------------------------
## Pure Python using loops
```
Function    Best Rate GB/s  Avg time     Min time     Max time
Copy:               0.1     2.882565     2.797685     3.031080
Scale:              0.0     4.699747     4.382950     5.362992
Add:                0.0     6.051745     5.683149     6.462142
Triad:              0.0     7.599090     7.158631     8.231875
```

## Pure Python vectorized
```
Function    Best Rate GB/s  Avg time     Min time     Max time
Copy:               5.2     0.033478     0.030482     0.036674
Scale:              2.0     0.088056     0.081356     0.092984
Add:                2.6     0.103552     0.092439     0.117091
Triad:              1.6     0.158911     0.150956     0.167047
```

## Pure Python using numpy operators
```
Function    Best Rate GB/s  Avg time     Min time     Max time
Copy:               2.8     0.061369     0.057485     0.067497
Scale:              2.2     0.083870     0.074338     0.095882
Add:                3.8     0.071306     0.063864     0.077354
Triad:              2.8     0.092208     0.087014     0.096402
```

